<?xml version="1.0" encoding="UTF-8"?>
<!-- Generated by org.testng.reporters.JUnitXMLReporter -->
<testsuite ignored="0" hostname="Sachin" failures="0" tests="3" name="Default test" time="69.96" errors="0" timestamp="2022-06-19T16:04:09 IST">
  <testcase classname="Test.ZerodhPinPageTest$LoginPageTest" name="loginWithValidCredantial" time="6.71"/>
  <testcase classname="Test.ZerodhPinPageTest$LoginPageTest" name="ByeShareAndSell" time="5.578"/>
  <testcase classname="Test.ZerodhPinPageTest$LoginPageTest" name="GraphView" time="11.829"/>
</testsuite> <!-- Default test -->
