<?xml version="1.0" encoding="UTF-8"?>
<!-- Generated by org.testng.reporters.JUnitXMLReporter -->
<testsuite ignored="0" hostname="Sachin" failures="0" tests="5" name="Test" time="68.351" errors="0" timestamp="2022-06-06T15:26:57 IST">
  <testcase classname="Test.ZerodhPinPageTest$LoginPageTest" name="loginWithValidCredantial" time="4.812"/>
  <testcase classname="Test.LoginPageTest" name="ClickOnForgotlink" time="0.1"/>
  <testcase classname="Test.LoginPageTest" name="ClickOnSignUpLink" time="0.091"/>
  <testcase classname="Test.LoginPageTest" name="loginWithValidCredantial" time="0.325"/>
  <testcase classname="Test.ZerodhForgotPasswordTest" name="ClikOnForgot" time="16.448"/>
</testsuite> <!-- Test -->
