<?xml version="1.0" encoding="UTF-8"?>
<!-- Generated by org.testng.reporters.JUnitXMLReporter -->
<testsuite ignored="0" hostname="Sachin" failures="0" tests="5" name="CORE" time="77.278" errors="0" timestamp="2022-06-06T15:31:38 IST">
  <testcase classname="Test.ZerodhPinPageTest$LoginPageTest" name="loginWithValidCredantial" time="4.468"/>
  <testcase classname="Test.LoginPageTest" name="ClickOnForgotlink" time="0.1"/>
  <testcase classname="Test.LoginPageTest" name="ClickOnSignUpLink" time="0.115"/>
  <testcase classname="Test.LoginPageTest" name="loginWithValidCredantial" time="0.493"/>
  <testcase classname="Test.ZerodhForgotPasswordTest" name="ClikOnForgot" time="16.483"/>
</testsuite> <!-- CORE -->
