<?xml version="1.0" encoding="UTF-8"?>
<!-- Generated by org.testng.reporters.JUnitXMLReporter -->
<testsuite ignored="0" hostname="Sachin" failures="0" tests="4" name="CredentialTest" time="55.447" errors="0" timestamp="2022-06-04T00:57:08 IST">
  <testcase classname="Test.ZerodhPinPageTest$LoginPageTest" name="loginWithValidCredantial" time="8.701"/>
  <testcase classname="Test.LoginPageTest" name="ClickOnForgotlink" time="0.702"/>
  <testcase classname="Test.LoginPageTest" name="ClickOnSignUpLink" time="0.324"/>
  <testcase classname="Test.LoginPageTest" name="loginWithValidCredantial" time="0.83"/>
</testsuite> <!-- CredentialTest -->
