<?xml version="1.0" encoding="UTF-8"?>
<!-- Generated by org.testng.reporters.JUnitXMLReporter -->
<testsuite ignored="0" hostname="Sachin" failures="0" tests="6" name="LogInPageTest" time="89.57" errors="0" timestamp="2022-06-07T11:34:15 IST">
  <testcase classname="Test.LoginPageTest" name="ClickOnForgotlink" time="0.604"/>
  <testcase classname="Test.LoginPageTest" name="ClickOnSignUpLink" time="0.418"/>
  <testcase classname="Test.LoginPageTest" name="loginWithValidCredantial" time="3.149"/>
  <testcase classname="Test.ZerodhPinPageTest$LoginPageTest" name="loginWithValidCredantial" time="4.077"/>
  <testcase classname="Test.ZerodhForgotPasswordTest" name="ClikOnForgot" time="16.224"/>
  <testcase classname="Test.ZerodhaSignUpPageTest" name="ClickOnSignUpandFocusSignUp" time="8.098"/>
</testsuite> <!-- LogInPageTest -->
